<?xml version="1.0" encoding="UTF-8"?>
<testsuite xmlns:xsi="http://www.w3.org/2001/XMLSchema-instance" xsi:noNamespaceSchemaLocation="https://maven.apache.org/surefire/maven-surefire-plugin/xsd/surefire-test-report-3.0.xsd" version="3.0" name="com.example.springbook2.SpringBook2ApplicationTests" time="0.011" tests="1" errors="0" skipped="0" failures="0">
  <properties>
[...]
</properties>
  <testcase name="contextLoads" classname="com.example.springbook2.SpringBook2ApplicationTests" time="0.001">
    <system-out><![CDATA[2024-06-08T16:25:14.665+08:00  INFO 20488 --- [           main] t.c.s.AnnotationConfigContextLoaderUtils : Could not detect default configuration classes for test class [com.example.springbook2.SpringBook2ApplicationTests]: SpringBook2ApplicationTests does not declare any static, non-private, non-final, nested classes annotated with @Configuration.
2024-06-08T16:25:14.670+08:00  INFO 20488 --- [           main] .b.t.c.SpringBootTestContextBootstrapper : Found @SpringBootConfiguration com.example.springbook2.SpringBook2Application for test class com.example.springbook2.SpringBook2ApplicationTests
]]></system-out>
  </testcase>
</testsuite>